# JRE version: Java(TM) SE Runtime Environment (8.0_191-b12) (build 1.8.0_191-b12)
# Java VM: Java HotSpot(TM) 64-Bit Server VM (25.191-b12 mixed mode windows-amd64 compressed oops)
Heap:
 PSYoungGen      total 259072K, used 153834K [0x000000076b380000, 0x0000000781680000, 0x00000007c0000000)
  eden space 221184K, 52% used [0x000000076b380000,0x0000000772534670,0x0000000778b80000)
  from space 37888K, 98% used [0x000000077f180000,0x0000000781606300,0x0000000781680000)
  to   space 54272K, 0% used [0x000000077ac80000,0x000000077ac80000,0x000000077e180000)
 ParOldGen       total 238592K, used 175590K [0x00000006c1a00000, 0x00000006d0300000, 0x000000076b380000)
  object space 238592K, 73% used [0x00000006c1a00000,0x00000006cc579be0,0x00000006d0300000)
 Metaspace       used 35410K, capacity 37566K, committed 37888K, reserved 1081344K
  class space    used 4615K, capacity 5030K, committed 5120K, reserved 1048576K
GC Heap History (10 events):
Event: 36.636 GC heap before
{Heap before GC invocations=12 (full 4):
 PSYoungGen      total 129024K, used 118271K [0x000000076b380000, 0x0000000773e80000, 0x00000007c0000000)
  eden space 118272K, 99% used [0x000000076b380000,0x00000007726ffe90,0x0000000772700000)
  from space 10752K, 0% used [0x0000000772980000,0x0000000772980000,0x0000000773400000)
  to   space 10752K, 0% used [0x0000000773400000,0x0000000773400000,0x0000000773e80000)
 ParOldGen       total 238592K, used 168212K [0x00000006c1a00000, 0x00000006d0300000, 0x000000076b380000)
  object space 238592K, 70% used [0x00000006c1a00000,0x00000006cbe45270,0x00000006d0300000)
 Metaspace       used 32766K, capacity 34798K, committed 35072K, reserved 1079296K
  class space    used 4384K, capacity 4744K, committed 4864K, reserved 1048576K
Event: 36.646 GC heap after
Heap after GC invocations=12 (full 4):
 PSYoungGen      total 84480K, used 10600K [0x000000076b380000, 0x000000077ef80000, 0x00000007c0000000)
  eden space 73728K, 0% used [0x000000076b380000,0x000000076b380000,0x000000076fb80000)
  from space 10752K, 98% used [0x0000000773400000,0x0000000773e5a2e8,0x0000000773e80000)
  to   space 57856K, 0% used [0x000000076fb80000,0x000000076fb80000,0x0000000773400000)
 ParOldGen       total 238592K, used 168220K [0x00000006c1a00000, 0x00000006d0300000, 0x000000076b380000)
  object space 238592K, 70% used [0x00000006c1a00000,0x00000006cbe47270,0x00000006d0300000)
 Metaspace       used 32766K, capacity 34798K, committed 35072K, reserved 1079296K
  class space    used 4384K, capacity 4744K, committed 4864K, reserved 1048576K
}
Event: 36.679 GC heap before
{Heap before GC invocations=13 (full 4):
 PSYoungGen      total 84480K, used 84273K [0x000000076b380000, 0x000000077ef80000, 0x00000007c0000000)
  eden space 73728K, 99% used [0x000000076b380000,0x000000076fb72398,0x000000076fb80000)
  from space 10752K, 98% used [0x0000000773400000,0x0000000773e5a2e8,0x0000000773e80000)
  to   space 57856K, 0% used [0x000000076fb80000,0x000000076fb80000,0x0000000773400000)
 ParOldGen       total 238592K, used 168220K [0x00000006c1a00000, 0x00000006d0300000, 0x000000076b380000)
  object space 238592K, 70% used [0x00000006c1a00000,0x00000006cbe47270,0x00000006d0300000)
 Metaspace       used 32808K, capacity 34870K, committed 35072K, reserved 1079296K
  class space    used 4389K, capacity 4746K, committed 4864K, reserved 1048576K
Event: 36.687 GC heap after
Heap after GC invocations=13 (full 4):
 PSYoungGen      total 131584K, used 7973K [0x000000076b380000, 0x000000077aa00000, 0x00000007c0000000)
  eden space 73728K, 0% used [0x000000076b380000,0x000000076b380000,0x000000076fb80000)
  from space 57856K, 13% used [0x000000076fb80000,0x00000007703494e0,0x0000000773400000)
  to   space 55808K, 0% used [0x0000000777380000,0x0000000777380000,0x000000077aa00000)
 ParOldGen       total 238592K, used 168228K [0x00000006c1a00000, 0x00000006d0300000, 0x000000076b380000)
  object space 238592K, 70% used [0x00000006c1a00000,0x00000006cbe49270,0x00000006d0300000)
 Metaspace       used 32808K, capacity 34870K, committed 35072K, reserved 1079296K
  class space    used 4389K, capacity 4746K, committed 4864K, reserved 1048576K
}
Event: 36.715 GC heap before
{Heap before GC invocations=14 (full 4):
 PSYoungGen      total 131584K, used 81649K [0x000000076b380000, 0x000000077aa00000, 0x00000007c0000000)
  eden space 73728K, 99% used [0x000000076b380000,0x000000076fb72f90,0x000000076fb80000)
  from space 57856K, 13% used [0x000000076fb80000,0x00000007703494e0,0x0000000773400000)
  to   space 55808K, 0% used [0x0000000777380000,0x0000000777380000,0x000000077aa00000)
 ParOldGen       total 238592K, used 168228K [0x00000006c1a00000, 0x00000006d0300000, 0x000000076b380000)
  object space 238592K, 70% used [0x00000006c1a00000,0x00000006cbe49270,0x00000006d0300000)
 Metaspace       used 32812K, capacity 34870K, committed 35072K, reserved 1079296K
  class space    used 4389K, capacity 4746K, committed 4864K, reserved 1048576K
Event: 36.724 GC heap after
Heap after GC invocations=14 (full 4):
 PSYoungGen      total 197120K, used 8010K [0x000000076b380000, 0x000000077a880000, 0x00000007c0000000)
  eden space 142848K, 0% used [0x000000076b380000,0x000000076b380000,0x0000000773f00000)
  from space 54272K, 14% used [0x0000000777380000,0x0000000777b52b00,0x000000077a880000)
  to   space 53760K, 0% used [0x0000000773f00000,0x0000000773f00000,0x0000000777380000)
 ParOldGen       total 238592K, used 168236K [0x00000006c1a00000, 0x00000006d0300000, 0x000000076b380000)
  object space 238592K, 70% used [0x00000006c1a00000,0x00000006cbe4b270,0x00000006d0300000)
 Metaspace       used 32812K, capacity 34870K, committed 35072K, reserved 1079296K
  class space    used 4389K, capacity 4746K, committed 4864K, reserved 1048576K
}
Event: 37.741 GC heap before
{Heap before GC invocations=15 (full 4):
 PSYoungGen      total 197120K, used 150858K [0x000000076b380000, 0x000000077a880000, 0x00000007c0000000)
  eden space 142848K, 100% used [0x000000076b380000,0x0000000773f00000,0x0000000773f00000)
  from space 54272K, 14% used [0x0000000777380000,0x0000000777b52b00,0x000000077a880000)
  to   space 53760K, 0% used [0x0000000773f00000,0x0000000773f00000,0x0000000777380000)
 ParOldGen       total 238592K, used 168236K [0x00000006c1a00000, 0x00000006d0300000, 0x000000076b380000)
  object space 238592K, 70% used [0x00000006c1a00000,0x00000006cbe4b270,0x00000006d0300000)
 Metaspace       used 34874K, capacity 37028K, committed 37248K, reserved 1081344K
  class space    used 4585K, capacity 4989K, committed 4992K, reserved 1048576K
Event: 37.751 GC heap after
Heap after GC invocations=15 (full 4):
 PSYoungGen      total 196608K, used 15751K [0x000000076b380000, 0x0000000782280000, 0x00000007c0000000)
  eden space 142848K, 0% used [0x000000076b380000,0x000000076b380000,0x0000000773f00000)
  from space 53760K, 29% used [0x0000000773f00000,0x0000000774e61e28,0x0000000777380000)
  to   space 50176K, 0% used [0x000000077f180000,0x000000077f180000,0x0000000782280000)
 ParOldGen       total 238592K, used 168244K [0x00000006c1a00000, 0x00000006d0300000, 0x000000076b380000)
  object space 238592K, 70% used [0x00000006c1a00000,0x00000006cbe4d270,0x00000006d0300000)
 Metaspace       used 34874K, capacity 37028K, committed 37248K, reserved 1081344K
  class space    used 4585K, capacity 4989K, committed 4992K, reserved 1048576K
}
Event: 41.026 GC heap before
{Heap before GC invocations=16 (full 4):
 PSYoungGen      total 196608K, used 158011K [0x000000076b380000, 0x0000000782280000, 0x00000007c0000000)
  eden space 142848K, 99% used [0x000000076b380000,0x0000000773e6cf10,0x0000000773f00000)
  from space 53760K, 29% used [0x0000000773f00000,0x0000000774e61e28,0x0000000777380000)
  to   space 50176K, 0% used [0x000000077f180000,0x000000077f180000,0x0000000782280000)
 ParOldGen       total 238592K, used 168244K [0x00000006c1a00000, 0x00000006d0300000, 0x000000076b380000)
  object space 238592K, 70% used [0x00000006c1a00000,0x00000006cbe4d270,0x00000006d0300000)
 Metaspace       used 35409K, capacity 37566K, committed 37888K, reserved 1081344K
  class space    used 4615K, capacity 5030K, committed 5120K, reserved 1048576K
Event: 41.045 GC heap after
Heap after GC invocations=16 (full 4):
 PSYoungGen      total 259072K, used 37400K [0x000000076b380000, 0x0000000781680000, 0x00000007c0000000)
  eden space 221184K, 0% used [0x000000076b380000,0x000000076b380000,0x0000000778b80000)
  from space 37888K, 98% used [0x000000077f180000,0x0000000781606300,0x0000000781680000)
  to   space 54272K, 0% used [0x000000077ac80000,0x000000077ac80000,0x000000077e180000)
 ParOldGen       total 238592K, used 175590K [0x00000006c1a00000, 0x00000006d0300000, 0x000000076b380000)
  object space 238592K, 73% used [0x00000006c1a00000,0x00000006cc579be0,0x00000006d0300000)
 Metaspace       used 35409K, capacity 37566K, committed 37888K, reserved 1081344K
  class space    used 4615K, capacity 5030K, committed 5120K, reserved 1048576K
}

