# JRE version: Java(TM) SE Runtime Environment (8.0_281-b09) (build 1.8.0_281-b09)
# Java VM: Java HotSpot(TM) 64-Bit Server VM (25.281-b09 mixed mode windows-amd64 compressed oops)
Heap:
 PSYoungGen      total 1328640K, used 914012K [0x000000076e000000, 0x00000007bfd80000, 0x00000007c0000000)
  eden space 1319424K, 69% used [0x000000076e000000,0x00000007a5c77208,0x00000007be880000)
  from space 9216K, 1% used [0x00000007bf480000,0x00000007bf4a0000,0x00000007bfd80000)
  to   space 10752K, 0% used [0x00000007be880000,0x00000007be880000,0x00000007bf300000)
 ParOldGen       total 625664K, used 548529K [0x00000006ca000000, 0x00000006f0300000, 0x000000076e000000)
  object space 625664K, 87% used [0x00000006ca000000,0x00000006eb7ac4a0,0x00000006f0300000)
 Metaspace       used 33910K, capacity 36166K, committed 36224K, reserved 1081344K
  class space    used 4298K, capacity 4708K, committed 4736K, reserved 1048576K
GC Heap History (10 events):
Event: 77.479 GC heap before
{Heap before GC invocations=73 (full 7):
 PSYoungGen      total 1321984K, used 1305184K [0x000000076e000000, 0x00000007bff80000, 0x00000007c0000000)
  eden space 1305088K, 100% used [0x000000076e000000,0x00000007bda80000,0x00000007bda80000)
  from space 16896K, 0% used [0x00000007bda80000,0x00000007bda98000,0x00000007beb00000)
  to   space 15872K, 0% used [0x00000007bf000000,0x00000007bf000000,0x00000007bff80000)
 ParOldGen       total 625664K, used 548521K [0x00000006ca000000, 0x00000006f0300000, 0x000000076e000000)
  object space 625664K, 87% used [0x00000006ca000000,0x00000006eb7aa4a0,0x00000006f0300000)
 Metaspace       used 33889K, capacity 36154K, committed 36224K, reserved 1081344K
  class space    used 4294K, capacity 4706K, committed 4736K, reserved 1048576K
Event: 77.481 GC heap after
Heap after GC invocations=73 (full 7):
 PSYoungGen      total 1324032K, used 96K [0x000000076e000000, 0x00000007bfd00000, 0x00000007c0000000)
  eden space 1310720K, 0% used [0x000000076e000000,0x000000076e000000,0x00000007be000000)
  from space 13312K, 0% used [0x00000007bf000000,0x00000007bf018000,0x00000007bfd00000)
  to   space 14848K, 0% used [0x00000007be000000,0x00000007be000000,0x00000007bee80000)
 ParOldGen       total 625664K, used 548521K [0x00000006ca000000, 0x00000006f0300000, 0x000000076e000000)
  object space 625664K, 87% used [0x00000006ca000000,0x00000006eb7aa4a0,0x00000006f0300000)
 Metaspace       used 33889K, capacity 36154K, committed 36224K, reserved 1081344K
  class space    used 4294K, capacity 4706K, committed 4736K, reserved 1048576K
}
Event: 78.515 GC heap before
{Heap before GC invocations=74 (full 7):
 PSYoungGen      total 1324032K, used 1310816K [0x000000076e000000, 0x00000007bfd00000, 0x00000007c0000000)
  eden space 1310720K, 100% used [0x000000076e000000,0x00000007be000000,0x00000007be000000)
  from space 13312K, 0% used [0x00000007bf000000,0x00000007bf018000,0x00000007bfd00000)
  to   space 14848K, 0% used [0x00000007be000000,0x00000007be000000,0x00000007bee80000)
 ParOldGen       total 625664K, used 548521K [0x00000006ca000000, 0x00000006f0300000, 0x000000076e000000)
  object space 625664K, 87% used [0x00000006ca000000,0x00000006eb7aa4a0,0x00000006f0300000)
 Metaspace       used 33889K, capacity 36154K, committed 36224K, reserved 1081344K
  class space    used 4294K, capacity 4706K, committed 4736K, reserved 1048576K
Event: 78.517 GC heap after
Heap after GC invocations=74 (full 7):
 PSYoungGen      total 1325568K, used 96K [0x000000076e000000, 0x00000007bfe80000, 0x00000007c0000000)
  eden space 1310720K, 0% used [0x000000076e000000,0x000000076e000000,0x00000007be000000)
  from space 14848K, 0% used [0x00000007be000000,0x00000007be018000,0x00000007bee80000)
  to   space 13312K, 0% used [0x00000007bf180000,0x00000007bf180000,0x00000007bfe80000)
 ParOldGen       total 625664K, used 548521K [0x00000006ca000000, 0x00000006f0300000, 0x000000076e000000)
  object space 625664K, 87% used [0x00000006ca000000,0x00000006eb7aa4a0,0x00000006f0300000)
 Metaspace       used 33889K, capacity 36154K, committed 36224K, reserved 1081344K
  class space    used 4294K, capacity 4706K, committed 4736K, reserved 1048576K
}
Event: 79.789 GC heap before
{Heap before GC invocations=75 (full 7):
 PSYoungGen      total 1325568K, used 1310816K [0x000000076e000000, 0x00000007bfe80000, 0x00000007c0000000)
  eden space 1310720K, 100% used [0x000000076e000000,0x00000007be000000,0x00000007be000000)
  from space 14848K, 0% used [0x00000007be000000,0x00000007be018000,0x00000007bee80000)
  to   space 13312K, 0% used [0x00000007bf180000,0x00000007bf180000,0x00000007bfe80000)
 ParOldGen       total 625664K, used 548521K [0x00000006ca000000, 0x00000006f0300000, 0x000000076e000000)
  object space 625664K, 87% used [0x00000006ca000000,0x00000006eb7aa4a0,0x00000006f0300000)
 Metaspace       used 33889K, capacity 36154K, committed 36224K, reserved 1081344K
  class space    used 4294K, capacity 4706K, committed 4736K, reserved 1048576K
Event: 79.791 GC heap after
Heap after GC invocations=75 (full 7):
 PSYoungGen      total 1326592K, used 192K [0x000000076e000000, 0x00000007bfc80000, 0x00000007c0000000)
  eden space 1315328K, 0% used [0x000000076e000000,0x000000076e000000,0x00000007be480000)
  from space 11264K, 1% used [0x00000007bf180000,0x00000007bf1b0000,0x00000007bfc80000)
  to   space 12288K, 0% used [0x00000007be480000,0x00000007be480000,0x00000007bf080000)
 ParOldGen       total 625664K, used 548521K [0x00000006ca000000, 0x00000006f0300000, 0x000000076e000000)
  object space 625664K, 87% used [0x00000006ca000000,0x00000006eb7aa4a0,0x00000006f0300000)
 Metaspace       used 33889K, capacity 36154K, committed 36224K, reserved 1081344K
  class space    used 4294K, capacity 4706K, committed 4736K, reserved 1048576K
}
Event: 80.852 GC heap before
{Heap before GC invocations=76 (full 7):
 PSYoungGen      total 1326592K, used 1315520K [0x000000076e000000, 0x00000007bfc80000, 0x00000007c0000000)
  eden space 1315328K, 100% used [0x000000076e000000,0x00000007be480000,0x00000007be480000)
  from space 11264K, 1% used [0x00000007bf180000,0x00000007bf1b0000,0x00000007bfc80000)
  to   space 12288K, 0% used [0x00000007be480000,0x00000007be480000,0x00000007bf080000)
 ParOldGen       total 625664K, used 548521K [0x00000006ca000000, 0x00000006f0300000, 0x000000076e000000)
  object space 625664K, 87% used [0x00000006ca000000,0x00000006eb7aa4a0,0x00000006f0300000)
 Metaspace       used 33889K, capacity 36154K, committed 36224K, reserved 1081344K
  class space    used 4294K, capacity 4706K, committed 4736K, reserved 1048576K
Event: 80.854 GC heap after
Heap after GC invocations=76 (full 7):
 PSYoungGen      total 1327616K, used 64K [0x000000076e000000, 0x00000007c0000000, 0x00000007c0000000)
  eden space 1315328K, 0% used [0x000000076e000000,0x000000076e000000,0x00000007be480000)
  from space 12288K, 0% used [0x00000007be480000,0x00000007be490000,0x00000007bf080000)
  to   space 11776K, 0% used [0x00000007bf480000,0x00000007bf480000,0x00000007c0000000)
 ParOldGen       total 625664K, used 548529K [0x00000006ca000000, 0x00000006f0300000, 0x000000076e000000)
  object space 625664K, 87% used [0x00000006ca000000,0x00000006eb7ac4a0,0x00000006f0300000)
 Metaspace       used 33889K, capacity 36154K, committed 36224K, reserved 1081344K
  class space    used 4294K, capacity 4706K, committed 4736K, reserved 1048576K
}
Event: 81.893 GC heap before
{Heap before GC invocations=77 (full 7):
 PSYoungGen      total 1327616K, used 1315392K [0x000000076e000000, 0x00000007c0000000, 0x00000007c0000000)
  eden space 1315328K, 100% used [0x000000076e000000,0x00000007be480000,0x00000007be480000)
  from space 12288K, 0% used [0x00000007be480000,0x00000007be490000,0x00000007bf080000)
  to   space 11776K, 0% used [0x00000007bf480000,0x00000007bf480000,0x00000007c0000000)
 ParOldGen       total 625664K, used 548529K [0x00000006ca000000, 0x00000006f0300000, 0x000000076e000000)
  object space 625664K, 87% used [0x00000006ca000000,0x00000006eb7ac4a0,0x00000006f0300000)
 Metaspace       used 33889K, capacity 36154K, committed 36224K, reserved 1081344K
  class space    used 4294K, capacity 4706K, committed 4736K, reserved 1048576K
Event: 81.895 GC heap after
Heap after GC invocations=77 (full 7):
 PSYoungGen      total 1328640K, used 128K [0x000000076e000000, 0x00000007bfd80000, 0x00000007c0000000)
  eden space 1319424K, 0% used [0x000000076e000000,0x000000076e000000,0x00000007be880000)
  from space 9216K, 1% used [0x00000007bf480000,0x00000007bf4a0000,0x00000007bfd80000)
  to   space 10752K, 0% used [0x00000007be880000,0x00000007be880000,0x00000007bf300000)
 ParOldGen       total 625664K, used 548529K [0x00000006ca000000, 0x00000006f0300000, 0x000000076e000000)
  object space 625664K, 87% used [0x00000006ca000000,0x00000006eb7ac4a0,0x00000006f0300000)
 Metaspace       used 33889K, capacity 36154K, committed 36224K, reserved 1081344K
  class space    used 4294K, capacity 4706K, committed 4736K, reserved 1048576K
}

