# JRE version: Java(TM) SE Runtime Environment (8.0_191-b12) (build 1.8.0_191-b12)
# Java VM: Java HotSpot(TM) 64-Bit Server VM (25.191-b12 mixed mode windows-amd64 compressed oops)
Heap:
 PSYoungGen      total 425472K, used 271171K [0x000000076b380000, 0x000000078c580000, 0x00000007c0000000)
  eden space 363520K, 65% used [0x000000076b380000,0x0000000779c34d38,0x0000000781680000)
  from space 61952K, 53% used [0x0000000785300000,0x000000078731c0d8,0x0000000788f80000)
  to   space 61952K, 0% used [0x0000000781680000,0x0000000781680000,0x0000000785300000)
 ParOldGen       total 330752K, used 209603K [0x00000006c1a00000, 0x00000006d5d00000, 0x000000076b380000)
  object space 330752K, 63% used [0x00000006c1a00000,0x00000006ce6b0e50,0x00000006d5d00000)
 Metaspace       used 35879K, capacity 38086K, committed 38400K, reserved 1083392K
  class space    used 4620K, capacity 5038K, committed 5120K, reserved 1048576K
GC Heap History (10 events):
Event: 16.584 GC heap before
{Heap before GC invocations=15 (full 4):
 PSYoungGen      total 203264K, used 157603K [0x000000076b380000, 0x000000077ae80000, 0x00000007c0000000)
  eden space 149504K, 100% used [0x000000076b380000,0x0000000774580000,0x0000000774580000)
  from space 53760K, 15% used [0x0000000777a00000,0x00000007781e8c28,0x000000077ae80000)
  to   space 53760K, 0% used [0x0000000774580000,0x0000000774580000,0x0000000777a00000)
 ParOldGen       total 232960K, used 168230K [0x00000006c1a00000, 0x00000006cfd80000, 0x000000076b380000)
  object space 232960K, 72% used [0x00000006c1a00000,0x00000006cbe49b20,0x00000006cfd80000)
 Metaspace       used 34830K, capacity 36938K, committed 36992K, reserved 1081344K
  class space    used 4564K, capacity 4952K, committed 4992K, reserved 1048576K
Event: 16.592 GC heap after
Heap after GC invocations=15 (full 4):
 PSYoungGen      total 203264K, used 16049K [0x000000076b380000, 0x0000000783400000, 0x00000007c0000000)
  eden space 149504K, 0% used [0x000000076b380000,0x000000076b380000,0x0000000774580000)
  from space 53760K, 29% used [0x0000000774580000,0x000000077552c5b8,0x0000000777a00000)
  to   space 50176K, 0% used [0x0000000780300000,0x0000000780300000,0x0000000783400000)
 ParOldGen       total 232960K, used 168374K [0x00000006c1a00000, 0x00000006cfd80000, 0x000000076b380000)
  object space 232960K, 72% used [0x00000006c1a00000,0x00000006cbe6db30,0x00000006cfd80000)
 Metaspace       used 34830K, capacity 36938K, committed 36992K, reserved 1081344K
  class space    used 4564K, capacity 4952K, committed 4992K, reserved 1048576K
}
Event: 19.029 GC heap before
{Heap before GC invocations=16 (full 4):
 PSYoungGen      total 203264K, used 164534K [0x000000076b380000, 0x0000000783400000, 0x00000007c0000000)
  eden space 149504K, 99% used [0x000000076b380000,0x0000000774481620,0x0000000774580000)
  from space 53760K, 29% used [0x0000000774580000,0x000000077552c5b8,0x0000000777a00000)
  to   space 50176K, 0% used [0x0000000780300000,0x0000000780300000,0x0000000783400000)
 ParOldGen       total 232960K, used 168374K [0x00000006c1a00000, 0x00000006cfd80000, 0x000000076b380000)
  object space 232960K, 72% used [0x00000006c1a00000,0x00000006cbe6db30,0x00000006cfd80000)
 Metaspace       used 35253K, capacity 37428K, committed 37632K, reserved 1081344K
  class space    used 4599K, capacity 4995K, committed 5120K, reserved 1048576K
Event: 19.045 GC heap after
Heap after GC invocations=16 (full 4):
 PSYoungGen      total 279040K, used 43935K [0x000000076b380000, 0x0000000782e00000, 0x00000007c0000000)
  eden space 235008K, 0% used [0x000000076b380000,0x000000076b380000,0x0000000779900000)
  from space 44032K, 99% used [0x0000000780300000,0x0000000782de7ca8,0x0000000782e00000)
  to   space 56832K, 0% used [0x000000077bf00000,0x000000077bf00000,0x000000077f680000)
 ParOldGen       total 232960K, used 191130K [0x00000006c1a00000, 0x00000006cfd80000, 0x000000076b380000)
  object space 232960K, 82% used [0x00000006c1a00000,0x00000006cd4a6be0,0x00000006cfd80000)
 Metaspace       used 35253K, capacity 37428K, committed 37632K, reserved 1081344K
  class space    used 4599K, capacity 4995K, committed 5120K, reserved 1048576K
}
Event: 19.045 GC heap before
{Heap before GC invocations=17 (full 5):
 PSYoungGen      total 279040K, used 43935K [0x000000076b380000, 0x0000000782e00000, 0x00000007c0000000)
  eden space 235008K, 0% used [0x000000076b380000,0x000000076b380000,0x0000000779900000)
  from space 44032K, 99% used [0x0000000780300000,0x0000000782de7ca8,0x0000000782e00000)
  to   space 56832K, 0% used [0x000000077bf00000,0x000000077bf00000,0x000000077f680000)
 ParOldGen       total 232960K, used 191130K [0x00000006c1a00000, 0x00000006cfd80000, 0x000000076b380000)
  object space 232960K, 82% used [0x00000006c1a00000,0x00000006cd4a6be0,0x00000006cfd80000)
 Metaspace       used 35253K, capacity 37428K, committed 37632K, reserved 1081344K
  class space    used 4599K, capacity 4995K, committed 5120K, reserved 1048576K
Event: 19.107 GC heap after
Heap after GC invocations=17 (full 5):
 PSYoungGen      total 279040K, used 0K [0x000000076b380000, 0x0000000782e00000, 0x00000007c0000000)
  eden space 235008K, 0% used [0x000000076b380000,0x000000076b380000,0x0000000779900000)
  from space 44032K, 0% used [0x0000000780300000,0x0000000780300000,0x0000000782e00000)
  to   space 56832K, 0% used [0x000000077bf00000,0x000000077bf00000,0x000000077f680000)
 ParOldGen       total 330752K, used 200205K [0x00000006c1a00000, 0x00000006d5d00000, 0x000000076b380000)
  object space 330752K, 60% used [0x00000006c1a00000,0x00000006cdd83730,0x00000006d5d00000)
 Metaspace       used 35253K, capacity 37428K, committed 37632K, reserved 1081344K
  class space    used 4599K, capacity 4995K, committed 5120K, reserved 1048576K
}
Event: 22.232 GC heap before
{Heap before GC invocations=18 (full 5):
 PSYoungGen      total 279040K, used 235008K [0x000000076b380000, 0x0000000782e00000, 0x00000007c0000000)
  eden space 235008K, 100% used [0x000000076b380000,0x0000000779900000,0x0000000779900000)
  from space 44032K, 0% used [0x0000000780300000,0x0000000780300000,0x0000000782e00000)
  to   space 56832K, 0% used [0x000000077bf00000,0x000000077bf00000,0x000000077f680000)
 ParOldGen       total 330752K, used 200205K [0x00000006c1a00000, 0x00000006d5d00000, 0x000000076b380000)
  object space 330752K, 60% used [0x00000006c1a00000,0x00000006cdd83730,0x00000006d5d00000)
 Metaspace       used 35575K, capacity 37728K, committed 37888K, reserved 1081344K
  class space    used 4613K, capacity 5031K, committed 5120K, reserved 1048576K
Event: 22.241 GC heap after
Heap after GC invocations=18 (full 5):
 PSYoungGen      total 330752K, used 42657K [0x000000076b380000, 0x0000000788f80000, 0x00000007c0000000)
  eden space 273920K, 0% used [0x000000076b380000,0x000000076b380000,0x000000077bf00000)
  from space 56832K, 75% used [0x000000077bf00000,0x000000077e8a8780,0x000000077f680000)
  to   space 61952K, 0% used [0x0000000785300000,0x0000000785300000,0x0000000788f80000)
 ParOldGen       total 330752K, used 200213K [0x00000006c1a00000, 0x00000006d5d00000, 0x000000076b380000)
  object space 330752K, 60% used [0x00000006c1a00000,0x00000006cdd85730,0x00000006d5d00000)
 Metaspace       used 35575K, capacity 37728K, committed 37888K, reserved 1081344K
  class space    used 4613K, capacity 5031K, committed 5120K, reserved 1048576K
}
Event: 27.336 GC heap before
{Heap before GC invocations=19 (full 5):
 PSYoungGen      total 330752K, used 314294K [0x000000076b380000, 0x0000000788f80000, 0x00000007c0000000)
  eden space 273920K, 99% used [0x000000076b380000,0x000000077bcc5088,0x000000077bf00000)
  from space 56832K, 75% used [0x000000077bf00000,0x000000077e8a8780,0x000000077f680000)
  to   space 61952K, 0% used [0x0000000785300000,0x0000000785300000,0x0000000788f80000)
 ParOldGen       total 330752K, used 200213K [0x00000006c1a00000, 0x00000006d5d00000, 0x000000076b380000)
  object space 330752K, 60% used [0x00000006c1a00000,0x00000006cdd85730,0x00000006d5d00000)
 Metaspace       used 35853K, capacity 38022K, committed 38144K, reserved 1083392K
  class space    used 4620K, capacity 5038K, committed 5120K, reserved 1048576K
Event: 27.344 GC heap after
Heap after GC invocations=19 (full 5):
 PSYoungGen      total 425472K, used 32880K [0x000000076b380000, 0x000000078c580000, 0x00000007c0000000)
  eden space 363520K, 0% used [0x000000076b380000,0x000000076b380000,0x0000000781680000)
  from space 61952K, 53% used [0x0000000785300000,0x000000078731c0d8,0x0000000788f80000)
  to   space 61952K, 0% used [0x0000000781680000,0x0000000781680000,0x0000000785300000)
 ParOldGen       total 330752K, used 209603K [0x00000006c1a00000, 0x00000006d5d00000, 0x000000076b380000)
  object space 330752K, 63% used [0x00000006c1a00000,0x00000006ce6b0e50,0x00000006d5d00000)
 Metaspace       used 35853K, capacity 38022K, committed 38144K, reserved 1083392K
  class space    used 4620K, capacity 5038K, committed 5120K, reserved 1048576K
}

