# JRE version: Java(TM) SE Runtime Environment (8.0_191-b12) (build 1.8.0_191-b12)
# Java VM: Java HotSpot(TM) 64-Bit Server VM (25.191-b12 mixed mode windows-amd64 compressed oops)
Heap:
 PSYoungGen      total 252928K, used 153892K [0x000000076b380000, 0x0000000781100000, 0x00000007c0000000)
  eden space 221696K, 55% used [0x000000076b380000,0x0000000772b55398,0x0000000778c00000)
  from space 31232K, 99% used [0x000000077f280000,0x00000007810f3ce0,0x0000000781100000)
  to   space 51712K, 0% used [0x000000077ac00000,0x000000077ac00000,0x000000077de80000)
 ParOldGen       total 240128K, used 176005K [0x00000006c1a00000, 0x00000006d0480000, 0x000000076b380000)
  object space 240128K, 73% used [0x00000006c1a00000,0x00000006cc5e1768,0x00000006d0480000)
 Metaspace       used 35407K, capacity 37576K, committed 37888K, reserved 1081344K
  class space    used 4603K, capacity 4993K, committed 5120K, reserved 1048576K
GC Heap History (10 events):
Event: 12.125 GC heap before
{Heap before GC invocations=12 (full 4):
 PSYoungGen      total 127488K, used 116715K [0x000000076b380000, 0x0000000773e80000, 0x00000007c0000000)
  eden space 116736K, 99% used [0x000000076b380000,0x000000077257ae50,0x0000000772580000)
  from space 10752K, 0% used [0x0000000772980000,0x0000000772980000,0x0000000773400000)
  to   space 10752K, 0% used [0x0000000773400000,0x0000000773400000,0x0000000773e80000)
 ParOldGen       total 240128K, used 168218K [0x00000006c1a00000, 0x00000006d0480000, 0x000000076b380000)
  object space 240128K, 70% used [0x00000006c1a00000,0x00000006cbe469d0,0x00000006d0480000)
 Metaspace       used 32807K, capacity 34904K, committed 35072K, reserved 1079296K
  class space    used 4375K, capacity 4739K, committed 4864K, reserved 1048576K
Event: 12.137 GC heap after
Heap after GC invocations=12 (full 4):
 PSYoungGen      total 84480K, used 10746K [0x000000076b380000, 0x000000077ea00000, 0x00000007c0000000)
  eden space 73728K, 0% used [0x000000076b380000,0x000000076b380000,0x000000076fb80000)
  from space 10752K, 99% used [0x0000000773400000,0x0000000773e7e9f8,0x0000000773e80000)
  to   space 57856K, 0% used [0x000000076fb80000,0x000000076fb80000,0x0000000773400000)
 ParOldGen       total 240128K, used 168615K [0x00000006c1a00000, 0x00000006d0480000, 0x000000076b380000)
  object space 240128K, 70% used [0x00000006c1a00000,0x00000006cbea9ff0,0x00000006d0480000)
 Metaspace       used 32807K, capacity 34904K, committed 35072K, reserved 1079296K
  class space    used 4375K, capacity 4739K, committed 4864K, reserved 1048576K
}
Event: 12.157 GC heap before
{Heap before GC invocations=13 (full 4):
 PSYoungGen      total 84480K, used 84379K [0x000000076b380000, 0x000000077ea00000, 0x00000007c0000000)
  eden space 73728K, 99% used [0x000000076b380000,0x000000076fb682e0,0x000000076fb80000)
  from space 10752K, 99% used [0x0000000773400000,0x0000000773e7e9f8,0x0000000773e80000)
  to   space 57856K, 0% used [0x000000076fb80000,0x000000076fb80000,0x0000000773400000)
 ParOldGen       total 240128K, used 168615K [0x00000006c1a00000, 0x00000006d0480000, 0x000000076b380000)
  object space 240128K, 70% used [0x00000006c1a00000,0x00000006cbea9ff0,0x00000006d0480000)
 Metaspace       used 32829K, capacity 34906K, committed 35072K, reserved 1079296K
  class space    used 4377K, capacity 4740K, committed 4864K, reserved 1048576K
Event: 12.162 GC heap after
Heap after GC invocations=13 (full 4):
 PSYoungGen      total 131584K, used 9036K [0x000000076b380000, 0x000000077aa00000, 0x00000007c0000000)
  eden space 73728K, 0% used [0x000000076b380000,0x000000076b380000,0x000000076fb80000)
  from space 57856K, 15% used [0x000000076fb80000,0x0000000770453290,0x0000000773400000)
  to   space 55808K, 0% used [0x0000000777380000,0x0000000777380000,0x000000077aa00000)
 ParOldGen       total 240128K, used 168623K [0x00000006c1a00000, 0x00000006d0480000, 0x000000076b380000)
  object space 240128K, 70% used [0x00000006c1a00000,0x00000006cbeabff0,0x00000006d0480000)
 Metaspace       used 32829K, capacity 34906K, committed 35072K, reserved 1079296K
  class space    used 4377K, capacity 4740K, committed 4864K, reserved 1048576K
}
Event: 12.176 GC heap before
{Heap before GC invocations=14 (full 4):
 PSYoungGen      total 131584K, used 82678K [0x000000076b380000, 0x000000077aa00000, 0x00000007c0000000)
  eden space 73728K, 99% used [0x000000076b380000,0x000000076fb6a5f0,0x000000076fb80000)
  from space 57856K, 15% used [0x000000076fb80000,0x0000000770453290,0x0000000773400000)
  to   space 55808K, 0% used [0x0000000777380000,0x0000000777380000,0x000000077aa00000)
 ParOldGen       total 240128K, used 168623K [0x00000006c1a00000, 0x00000006d0480000, 0x000000076b380000)
  object space 240128K, 70% used [0x00000006c1a00000,0x00000006cbeabff0,0x00000006d0480000)
 Metaspace       used 32836K, capacity 34906K, committed 35072K, reserved 1079296K
  class space    used 4377K, capacity 4740K, committed 4864K, reserved 1048576K
Event: 12.181 GC heap after
Heap after GC invocations=14 (full 4):
 PSYoungGen      total 197120K, used 9336K [0x000000076b380000, 0x000000077a800000, 0x00000007c0000000)
  eden space 143360K, 0% used [0x000000076b380000,0x000000076b380000,0x0000000773f80000)
  from space 53760K, 17% used [0x0000000777380000,0x0000000777c9e020,0x000000077a800000)
  to   space 53248K, 0% used [0x0000000773f80000,0x0000000773f80000,0x0000000777380000)
 ParOldGen       total 240128K, used 168631K [0x00000006c1a00000, 0x00000006d0480000, 0x000000076b380000)
  object space 240128K, 70% used [0x00000006c1a00000,0x00000006cbeadff0,0x00000006d0480000)
 Metaspace       used 32836K, capacity 34906K, committed 35072K, reserved 1079296K
  class space    used 4377K, capacity 4740K, committed 4864K, reserved 1048576K
}
Event: 13.230 GC heap before
{Heap before GC invocations=15 (full 4):
 PSYoungGen      total 197120K, used 151921K [0x000000076b380000, 0x000000077a800000, 0x00000007c0000000)
  eden space 143360K, 99% used [0x000000076b380000,0x0000000773ebe770,0x0000000773f80000)
  from space 53760K, 17% used [0x0000000777380000,0x0000000777c9e020,0x000000077a800000)
  to   space 53248K, 0% used [0x0000000773f80000,0x0000000773f80000,0x0000000777380000)
 ParOldGen       total 240128K, used 168631K [0x00000006c1a00000, 0x00000006d0480000, 0x000000076b380000)
  object space 240128K, 70% used [0x00000006c1a00000,0x00000006cbeadff0,0x00000006d0480000)
 Metaspace       used 34729K, capacity 36858K, committed 36992K, reserved 1081344K
  class space    used 4569K, capacity 4978K, committed 4992K, reserved 1048576K
Event: 13.240 GC heap after
Heap after GC invocations=15 (full 4):
 PSYoungGen      total 196608K, used 17290K [0x000000076b380000, 0x0000000782300000, 0x00000007c0000000)
  eden space 143360K, 0% used [0x000000076b380000,0x000000076b380000,0x0000000773f80000)
  from space 53248K, 32% used [0x0000000773f80000,0x00000007750628e0,0x0000000777380000)
  to   space 49664K, 0% used [0x000000077f280000,0x000000077f280000,0x0000000782300000)
 ParOldGen       total 240128K, used 168647K [0x00000006c1a00000, 0x00000006d0480000, 0x000000076b380000)
  object space 240128K, 70% used [0x00000006c1a00000,0x00000006cbeb1ff0,0x00000006d0480000)
 Metaspace       used 34729K, capacity 36858K, committed 36992K, reserved 1081344K
  class space    used 4569K, capacity 4978K, committed 4992K, reserved 1048576K
}
Event: 20.897 GC heap before
{Heap before GC invocations=16 (full 4):
 PSYoungGen      total 196608K, used 155055K [0x000000076b380000, 0x0000000782300000, 0x00000007c0000000)
  eden space 143360K, 96% used [0x000000076b380000,0x0000000773a09528,0x0000000773f80000)
  from space 53248K, 32% used [0x0000000773f80000,0x00000007750628e0,0x0000000777380000)
  to   space 49664K, 0% used [0x000000077f280000,0x000000077f280000,0x0000000782300000)
 ParOldGen       total 240128K, used 168647K [0x00000006c1a00000, 0x00000006d0480000, 0x000000076b380000)
  object space 240128K, 70% used [0x00000006c1a00000,0x00000006cbeb1ff0,0x00000006d0480000)
 Metaspace       used 35405K, capacity 37576K, committed 37888K, reserved 1081344K
  class space    used 4603K, capacity 4993K, committed 5120K, reserved 1048576K
Event: 20.917 GC heap after
Heap after GC invocations=16 (full 4):
 PSYoungGen      total 252928K, used 31183K [0x000000076b380000, 0x0000000781100000, 0x00000007c0000000)
  eden space 221696K, 0% used [0x000000076b380000,0x000000076b380000,0x0000000778c00000)
  from space 31232K, 99% used [0x000000077f280000,0x00000007810f3ce0,0x0000000781100000)
  to   space 51712K, 0% used [0x000000077ac00000,0x000000077ac00000,0x000000077de80000)
 ParOldGen       total 240128K, used 176005K [0x00000006c1a00000, 0x00000006d0480000, 0x000000076b380000)
  object space 240128K, 73% used [0x00000006c1a00000,0x00000006cc5e1768,0x00000006d0480000)
 Metaspace       used 35405K, capacity 37576K, committed 37888K, reserved 1081344K
  class space    used 4603K, capacity 4993K, committed 5120K, reserved 1048576K
}

