# JRE version: Java(TM) SE Runtime Environment (8.0_191-b12) (build 1.8.0_191-b12)
# Java VM: Java HotSpot(TM) 64-Bit Server VM (25.191-b12 mixed mode windows-amd64 compressed oops)
Heap:
 PSYoungGen      total 494592K, used 494140K [0x000000076b380000, 0x0000000797f80000, 0x00000007c0000000)
  eden space 409088K, 99% used [0x000000076b380000,0x00000007842f2520,0x0000000784300000)
  from space 85504K, 99% used [0x0000000792c00000,0x0000000797f1cc78,0x0000000797f80000)
  to   space 143872K, 0% used [0x0000000786680000,0x0000000786680000,0x000000078f300000)
 ParOldGen       total 673280K, used 514759K [0x00000006c1a00000, 0x00000006eab80000, 0x000000076b380000)
  object space 673280K, 76% used [0x00000006c1a00000,0x00000006e10b1ef8,0x00000006eab80000)
 Metaspace       used 36231K, capacity 38344K, committed 38656K, reserved 1083392K
  class space    used 4640K, capacity 5023K, committed 5120K, reserved 1048576K
GC Heap History (10 events):
Event: 45.751 GC heap before
{Heap before GC invocations=14 (full 5):
 PSYoungGen      total 306688K, used 159232K [0x000000076b380000, 0x0000000787680000, 0x00000007c0000000)
  eden space 159232K, 100% used [0x000000076b380000,0x0000000774f00000,0x0000000774f00000)
  from space 147456K, 0% used [0x000000077e180000,0x000000077e180000,0x0000000787180000)
  to   space 150016K, 0% used [0x0000000774f00000,0x0000000774f00000,0x000000077e180000)
 ParOldGen       total 528384K, used 318937K [0x00000006c1a00000, 0x00000006e1e00000, 0x000000076b380000)
  object space 528384K, 60% used [0x00000006c1a00000,0x00000006d5176580,0x00000006e1e00000)
 Metaspace       used 33836K, capacity 35904K, committed 36096K, reserved 1081344K
  class space    used 4461K, capacity 4833K, committed 4864K, reserved 1048576K
Event: 45.773 GC heap after
Heap after GC invocations=14 (full 5):
 PSYoungGen      total 309248K, used 83423K [0x000000076b380000, 0x000000078de80000, 0x00000007c0000000)
  eden space 159232K, 0% used [0x000000076b380000,0x000000076b380000,0x0000000774f00000)
  from space 150016K, 55% used [0x0000000774f00000,0x000000077a077ef8,0x000000077e180000)
  to   space 150528K, 0% used [0x0000000784b80000,0x0000000784b80000,0x000000078de80000)
 ParOldGen       total 528384K, used 318945K [0x00000006c1a00000, 0x00000006e1e00000, 0x000000076b380000)
  object space 528384K, 60% used [0x00000006c1a00000,0x00000006d5178580,0x00000006e1e00000)
 Metaspace       used 33836K, capacity 35904K, committed 36096K, reserved 1081344K
  class space    used 4461K, capacity 4833K, committed 4864K, reserved 1048576K
}
Event: 45.815 GC heap before
{Heap before GC invocations=15 (full 5):
 PSYoungGen      total 309248K, used 242536K [0x000000076b380000, 0x000000078de80000, 0x00000007c0000000)
  eden space 159232K, 99% used [0x000000076b380000,0x0000000774ee2208,0x0000000774f00000)
  from space 150016K, 55% used [0x0000000774f00000,0x000000077a077ef8,0x000000077e180000)
  to   space 150528K, 0% used [0x0000000784b80000,0x0000000784b80000,0x000000078de80000)
 ParOldGen       total 528384K, used 329152K [0x00000006c1a00000, 0x00000006e1e00000, 0x000000076b380000)
  object space 528384K, 62% used [0x00000006c1a00000,0x00000006d5b70170,0x00000006e1e00000)
 Metaspace       used 33972K, capacity 36040K, committed 36352K, reserved 1081344K
  class space    used 4474K, capacity 4835K, committed 4864K, reserved 1048576K
Event: 45.829 GC heap after
Heap after GC invocations=15 (full 5):
 PSYoungGen      total 417792K, used 84040K [0x000000076b380000, 0x0000000790300000, 0x00000007c0000000)
  eden space 267264K, 0% used [0x000000076b380000,0x000000076b380000,0x000000077b880000)
  from space 150528K, 55% used [0x0000000784b80000,0x0000000789d92310,0x000000078de80000)
  to   space 150528K, 0% used [0x000000077b880000,0x000000077b880000,0x0000000784b80000)
 ParOldGen       total 528384K, used 329160K [0x00000006c1a00000, 0x00000006e1e00000, 0x000000076b380000)
  object space 528384K, 62% used [0x00000006c1a00000,0x00000006d5b72170,0x00000006e1e00000)
 Metaspace       used 33972K, capacity 36040K, committed 36352K, reserved 1081344K
  class space    used 4474K, capacity 4835K, committed 4864K, reserved 1048576K
}
Event: 50.423 GC heap before
{Heap before GC invocations=16 (full 5):
 PSYoungGen      total 417792K, used 351304K [0x000000076b380000, 0x0000000790300000, 0x00000007c0000000)
  eden space 267264K, 100% used [0x000000076b380000,0x000000077b880000,0x000000077b880000)
  from space 150528K, 55% used [0x0000000784b80000,0x0000000789d92310,0x000000078de80000)
  to   space 150528K, 0% used [0x000000077b880000,0x000000077b880000,0x0000000784b80000)
 ParOldGen       total 528384K, used 329160K [0x00000006c1a00000, 0x00000006e1e00000, 0x000000076b380000)
  object space 528384K, 62% used [0x00000006c1a00000,0x00000006d5b72170,0x00000006e1e00000)
 Metaspace       used 35391K, capacity 37472K, committed 37504K, reserved 1081344K
  class space    used 4602K, capacity 4981K, committed 4992K, reserved 1048576K
Event: 50.448 GC heap after
Heap after GC invocations=16 (full 5):
 PSYoungGen      total 417792K, used 54547K [0x000000076b380000, 0x000000079b780000, 0x00000007c0000000)
  eden space 267264K, 0% used [0x000000076b380000,0x000000076b380000,0x000000077b880000)
  from space 150528K, 36% used [0x000000077b880000,0x000000077edc4c10,0x0000000784b80000)
  to   space 142848K, 0% used [0x0000000792c00000,0x0000000792c00000,0x000000079b780000)
 ParOldGen       total 528384K, used 401999K [0x00000006c1a00000, 0x00000006e1e00000, 0x000000076b380000)
  object space 528384K, 76% used [0x00000006c1a00000,0x00000006da293d48,0x00000006e1e00000)
 Metaspace       used 35391K, capacity 37472K, committed 37504K, reserved 1081344K
  class space    used 4602K, capacity 4981K, committed 4992K, reserved 1048576K
}
Event: 50.448 GC heap before
{Heap before GC invocations=17 (full 6):
 PSYoungGen      total 417792K, used 54547K [0x000000076b380000, 0x000000079b780000, 0x00000007c0000000)
  eden space 267264K, 0% used [0x000000076b380000,0x000000076b380000,0x000000077b880000)
  from space 150528K, 36% used [0x000000077b880000,0x000000077edc4c10,0x0000000784b80000)
  to   space 142848K, 0% used [0x0000000792c00000,0x0000000792c00000,0x000000079b780000)
 ParOldGen       total 528384K, used 401999K [0x00000006c1a00000, 0x00000006e1e00000, 0x000000076b380000)
  object space 528384K, 76% used [0x00000006c1a00000,0x00000006da293d48,0x00000006e1e00000)
 Metaspace       used 35391K, capacity 37472K, committed 37504K, reserved 1081344K
  class space    used 4602K, capacity 4981K, committed 4992K, reserved 1048576K
Event: 50.529 GC heap after
Heap after GC invocations=17 (full 6):
 PSYoungGen      total 417792K, used 0K [0x000000076b380000, 0x000000079b780000, 0x00000007c0000000)
  eden space 267264K, 0% used [0x000000076b380000,0x000000076b380000,0x000000077b880000)
  from space 150528K, 0% used [0x000000077b880000,0x000000077b880000,0x0000000784b80000)
  to   space 142848K, 0% used [0x0000000792c00000,0x0000000792c00000,0x000000079b780000)
 ParOldGen       total 673280K, used 385172K [0x00000006c1a00000, 0x00000006eab80000, 0x000000076b380000)
  object space 673280K, 57% used [0x00000006c1a00000,0x00000006d9225090,0x00000006eab80000)
 Metaspace       used 35391K, capacity 37472K, committed 37504K, reserved 1081344K
  class space    used 4602K, capacity 4981K, committed 4992K, reserved 1048576K
}
Event: 56.481 GC heap before
{Heap before GC invocations=18 (full 6):
 PSYoungGen      total 417792K, used 265956K [0x000000076b380000, 0x000000079b780000, 0x00000007c0000000)
  eden space 267264K, 99% used [0x000000076b380000,0x000000077b739370,0x000000077b880000)
  from space 150528K, 0% used [0x000000077b880000,0x000000077b880000,0x0000000784b80000)
  to   space 142848K, 0% used [0x0000000792c00000,0x0000000792c00000,0x000000079b780000)
 ParOldGen       total 673280K, used 386653K [0x00000006c1a00000, 0x00000006eab80000, 0x000000076b380000)
  object space 673280K, 57% used [0x00000006c1a00000,0x00000006d93977f8,0x00000006eab80000)
 Metaspace       used 35871K, capacity 38064K, committed 38400K, reserved 1083392K
  class space    used 4626K, capacity 5017K, committed 5120K, reserved 1048576K
Event: 56.498 GC heap after
Heap after GC invocations=18 (full 6):
 PSYoungGen      total 494592K, used 85107K [0x000000076b380000, 0x0000000797f80000, 0x00000007c0000000)
  eden space 409088K, 0% used [0x000000076b380000,0x000000076b380000,0x0000000784300000)
  from space 85504K, 99% used [0x0000000792c00000,0x0000000797f1cc78,0x0000000797f80000)
  to   space 143872K, 0% used [0x0000000786680000,0x0000000786680000,0x000000078f300000)
 ParOldGen       total 673280K, used 386661K [0x00000006c1a00000, 0x00000006eab80000, 0x000000076b380000)
  object space 673280K, 57% used [0x00000006c1a00000,0x00000006d93997f8,0x00000006eab80000)
 Metaspace       used 35871K, capacity 38064K, committed 38400K, reserved 1083392K
  class space    used 4626K, capacity 5017K, committed 5120K, reserved 1048576K
}

